<?xml version="1.0" encoding="UTF-8"?>
<coverage generated="1612568778593" clover="3.2.0">
  <project timestamp="1612568778593" name="All files">
    <metrics statements="161" coveredstatements="161" conditionals="64" coveredconditionals="62" methods="17" coveredmethods="17" elements="242" coveredelements="240" complexity="0" loc="161" ncloc="161" packages="1" files="3" classes="3"/>
    <file name="defaults.js" path="/home/runner/work/teeny-file-search/teeny-file-search/src/defaults.js">
      <metrics statements="1" coveredstatements="1" conditionals="0" coveredconditionals="0" methods="0" coveredmethods="0"/>
      <line num="1" count="2" type="stmt"/>
    </file>
    <file name="search.js" path="/home/runner/work/teeny-file-search/teeny-file-search/src/search.js">
      <metrics statements="83" coveredstatements="83" conditionals="48" coveredconditionals="47" methods="7" coveredmethods="7"/>
      <line num="2" count="1" type="stmt"/>
      <line num="3" count="1" type="stmt"/>
      <line num="4" count="1" type="stmt"/>
      <line num="5" count="1" type="stmt"/>
      <line num="6" count="1" type="stmt"/>
      <line num="7" count="1" type="stmt"/>
      <line num="8" count="1" type="stmt"/>
      <line num="11" count="1" type="stmt"/>
      <line num="22" count="1" type="stmt"/>
      <line num="38" count="11" type="stmt"/>
      <line num="39" count="11" type="cond" truecount="2" falsecount="0"/>
      <line num="42" count="11" type="cond" truecount="2" falsecount="0"/>
      <line num="43" count="11" type="stmt"/>
      <line num="44" count="11" type="stmt"/>
      <line num="45" count="11" type="stmt"/>
      <line num="46" count="11" type="stmt"/>
      <line num="47" count="11" type="stmt"/>
      <line num="48" count="11" type="stmt"/>
      <line num="49" count="11" type="stmt"/>
      <line num="50" count="11" type="stmt"/>
      <line num="51" count="11" type="stmt"/>
      <line num="52" count="11" type="stmt"/>
      <line num="53" count="11" type="stmt"/>
      <line num="54" count="11" type="cond" truecount="2" falsecount="0"/>
      <line num="55" count="11" type="stmt"/>
      <line num="56" count="11" type="cond" truecount="2" falsecount="0"/>
      <line num="58" count="1" type="stmt"/>
      <line num="59" count="1" type="stmt"/>
      <line num="63" count="11" type="stmt"/>
      <line num="64" count="275" type="stmt"/>
      <line num="65" count="275" type="stmt"/>
      <line num="68" count="11" type="stmt"/>
      <line num="69" count="851" type="cond" truecount="2" falsecount="0"/>
      <line num="70" count="231" type="stmt"/>
      <line num="72" count="620" type="stmt"/>
      <line num="75" count="11" type="stmt"/>
      <line num="76" count="11" type="cond" truecount="2" falsecount="0"/>
      <line num="77" count="5" type="stmt"/>
      <line num="80" count="11" type="stmt"/>
      <line num="81" count="11" type="stmt"/>
      <line num="83" count="11" type="cond" truecount="2" falsecount="0"/>
      <line num="84" count="5" type="stmt"/>
      <line num="85" count="5" type="stmt"/>
      <line num="96" count="11" type="stmt"/>
      <line num="97" count="275" type="stmt"/>
      <line num="99" count="742" type="stmt"/>
      <line num="101" count="742" type="cond" truecount="4" falsecount="0"/>
      <line num="102" count="264" type="stmt"/>
      <line num="104" count="264" type="cond" truecount="2" falsecount="0"/>
      <line num="105" count="52" type="stmt"/>
      <line num="106" count="52" type="stmt"/>
      <line num="116" count="264" type="stmt"/>
      <line num="117" count="264" type="stmt"/>
      <line num="118" count="264" type="stmt"/>
      <line num="120" count="731" type="stmt"/>
      <line num="126" count="478" type="cond" truecount="2" falsecount="0"/>
      <line num="127" count="467" type="stmt"/>
      <line num="129" count="467" type="stmt"/>
      <line num="130" count="467" type="cond" truecount="2" falsecount="0"/>
      <line num="131" count="86" type="stmt"/>
      <line num="132" count="86" type="stmt"/>
      <line num="145" count="11" type="stmt"/>
      <line num="147" count="11" type="cond" truecount="1" falsecount="0"/>
      <line num="151" count="11" type="stmt"/>
      <line num="152" count="138" type="cond" truecount="2" falsecount="0"/>
      <line num="158" count="121" type="stmt"/>
      <line num="166" count="121" type="stmt"/>
      <line num="169" count="121" type="cond" truecount="1" falsecount="0"/>
      <line num="174" count="121" type="cond" truecount="2" falsecount="0"/>
      <line num="175" count="121" type="stmt"/>
      <line num="176" count="121" type="cond" truecount="2" falsecount="0"/>
      <line num="177" count="121" type="stmt"/>
      <line num="179" count="121" type="cond" truecount="4" falsecount="0"/>
      <line num="180" count="3" type="stmt"/>
      <line num="184" count="3" type="cond" truecount="1" falsecount="1"/>
      <line num="185" count="3" type="stmt"/>
      <line num="186" count="3" type="stmt"/>
      <line num="195" count="3" type="stmt"/>
      <line num="197" count="118" type="cond" truecount="1" falsecount="0"/>
      <line num="198" count="118" type="stmt"/>
      <line num="206" count="118" type="cond" truecount="2" falsecount="0"/>
      <line num="207" count="2" type="stmt"/>
      <line num="215" count="1" type="stmt"/>
    </file>
    <file name="utilities.js" path="/home/runner/work/teeny-file-search/teeny-file-search/src/utilities.js">
      <metrics statements="77" coveredstatements="77" conditionals="16" coveredconditionals="15" methods="10" coveredmethods="10"/>
      <line num="1" count="2" type="stmt"/>
      <line num="2" count="2" type="stmt"/>
      <line num="3" count="2" type="stmt"/>
      <line num="4" count="2" type="stmt"/>
      <line num="5" count="2" type="stmt"/>
      <line num="6" count="2" type="stmt"/>
      <line num="7" count="2" type="stmt"/>
      <line num="11" count="2" type="stmt"/>
      <line num="12" count="2" type="stmt"/>
      <line num="13" count="2" type="stmt"/>
      <line num="14" count="2" type="stmt"/>
      <line num="15" count="2" type="stmt"/>
      <line num="16" count="2" type="stmt"/>
      <line num="17" count="2" type="stmt"/>
      <line num="18" count="2" type="stmt"/>
      <line num="19" count="2" type="stmt"/>
      <line num="20" count="2" type="stmt"/>
      <line num="22" count="2" type="stmt"/>
      <line num="27" count="3" type="stmt"/>
      <line num="30" count="3" type="stmt"/>
      <line num="31" count="3" type="stmt"/>
      <line num="32" count="3" type="stmt"/>
      <line num="33" count="3" type="stmt"/>
      <line num="43" count="3" type="stmt"/>
      <line num="47" count="7" type="stmt"/>
      <line num="48" count="7" type="stmt"/>
      <line num="49" count="7" type="stmt"/>
      <line num="51" count="7" type="stmt"/>
      <line num="52" count="14" type="stmt"/>
      <line num="53" count="14" type="stmt"/>
      <line num="55" count="7" type="stmt"/>
      <line num="56" count="7" type="stmt"/>
      <line num="60" count="3" type="stmt"/>
      <line num="72" count="2" type="stmt"/>
      <line num="76" count="3" type="cond" truecount="1" falsecount="0"/>
      <line num="86" count="3" type="stmt"/>
      <line num="90" count="2" type="stmt"/>
      <line num="91" count="2" type="cond" truecount="2" falsecount="0"/>
      <line num="92" count="2" type="stmt"/>
      <line num="100" count="2" type="stmt"/>
      <line num="108" count="8" type="stmt"/>
      <line num="109" count="8" type="stmt"/>
      <line num="110" count="8" type="cond" truecount="3" falsecount="0"/>
      <line num="112" count="1" type="stmt"/>
      <line num="113" count="1" type="stmt"/>
      <line num="116" count="4" type="stmt"/>
      <line num="117" count="4" type="stmt"/>
      <line num="120" count="3" type="stmt"/>
      <line num="121" count="3" type="stmt"/>
      <line num="122" count="3" type="stmt"/>
      <line num="125" count="8" type="stmt"/>
      <line num="126" count="8" type="stmt"/>
      <line num="127" count="8" type="stmt"/>
      <line num="137" count="733" type="cond" truecount="2" falsecount="0"/>
      <line num="138" count="632" type="stmt"/>
      <line num="139" count="632" type="stmt"/>
      <line num="141" count="101" type="stmt"/>
      <line num="145" count="2" type="stmt"/>
      <line num="146" count="2" type="stmt"/>
      <line num="147" count="2" type="cond" truecount="2" falsecount="0"/>
      <line num="148" count="1" type="stmt"/>
      <line num="156" count="3" type="stmt"/>
      <line num="157" count="3" type="stmt"/>
      <line num="158" count="3" type="stmt"/>
      <line num="159" count="3" type="stmt"/>
      <line num="162" count="3" type="stmt"/>
      <line num="164" count="122" type="stmt"/>
      <line num="165" count="122" type="cond" truecount="2" falsecount="0"/>
      <line num="166" count="118" type="stmt"/>
      <line num="168" count="4" type="stmt"/>
      <line num="169" count="4" type="cond" truecount="2" falsecount="0"/>
      <line num="170" count="2" type="stmt"/>
      <line num="172" count="4" type="stmt"/>
      <line num="178" count="4" type="stmt"/>
      <line num="179" count="4" type="stmt"/>
      <line num="181" count="3" type="stmt"/>
      <line num="191" count="2" type="stmt"/>
    </file>
  </project>
</coverage>
