<?xml version="1.0" encoding="UTF-8"?>
<coverage generated="1612570633551" clover="3.2.0">
  <project timestamp="1612570633552" name="All files">
    <metrics statements="157" coveredstatements="157" conditionals="60" coveredconditionals="60" methods="17" coveredmethods="17" elements="234" coveredelements="234" complexity="0" loc="157" ncloc="157" packages="1" files="3" classes="3"/>
    <file name="defaults.js" path="/home/runner/work/teeny-file-search/teeny-file-search/src/defaults.js">
      <metrics statements="1" coveredstatements="1" conditionals="0" coveredconditionals="0" methods="0" coveredmethods="0"/>
      <line num="1" count="2" type="stmt"/>
    </file>
    <file name="search.js" path="/home/runner/work/teeny-file-search/teeny-file-search/src/search.js">
      <metrics statements="79" coveredstatements="79" conditionals="44" coveredconditionals="44" methods="7" coveredmethods="7"/>
      <line num="2" count="1" type="stmt"/>
      <line num="3" count="1" type="stmt"/>
      <line num="4" count="1" type="stmt"/>
      <line num="5" count="1" type="stmt"/>
      <line num="6" count="1" type="stmt"/>
      <line num="7" count="1" type="stmt"/>
      <line num="8" count="1" type="stmt"/>
      <line num="11" count="1" type="stmt"/>
      <line num="22" count="1" type="stmt"/>
      <line num="38" count="11" type="stmt"/>
      <line num="39" count="11" type="cond" truecount="2" falsecount="0"/>
      <line num="42" count="11" type="cond" truecount="2" falsecount="0"/>
      <line num="43" count="11" type="stmt"/>
      <line num="44" count="11" type="stmt"/>
      <line num="45" count="11" type="stmt"/>
      <line num="46" count="11" type="stmt"/>
      <line num="47" count="11" type="stmt"/>
      <line num="48" count="11" type="stmt"/>
      <line num="49" count="11" type="stmt"/>
      <line num="50" count="11" type="stmt"/>
      <line num="51" count="11" type="stmt"/>
      <line num="52" count="11" type="stmt"/>
      <line num="53" count="11" type="stmt"/>
      <line num="54" count="11" type="cond" truecount="2" falsecount="0"/>
      <line num="55" count="11" type="stmt"/>
      <line num="56" count="11" type="cond" truecount="2" falsecount="0"/>
      <line num="58" count="1" type="stmt"/>
      <line num="59" count="1" type="stmt"/>
      <line num="63" count="11" type="stmt"/>
      <line num="64" count="311" type="stmt"/>
      <line num="65" count="311" type="stmt"/>
      <line num="68" count="11" type="stmt"/>
      <line num="69" count="1057" type="cond" truecount="2" falsecount="0"/>
      <line num="70" count="277" type="stmt"/>
      <line num="72" count="780" type="stmt"/>
      <line num="75" count="11" type="stmt"/>
      <line num="76" count="11" type="cond" truecount="2" falsecount="0"/>
      <line num="77" count="5" type="stmt"/>
      <line num="80" count="11" type="stmt"/>
      <line num="81" count="11" type="stmt"/>
      <line num="83" count="11" type="cond" truecount="2" falsecount="0"/>
      <line num="84" count="5" type="stmt"/>
      <line num="85" count="5" type="stmt"/>
      <line num="96" count="11" type="stmt"/>
      <line num="97" count="311" type="stmt"/>
      <line num="99" count="948" type="stmt"/>
      <line num="101" count="948" type="cond" truecount="4" falsecount="0"/>
      <line num="102" count="300" type="stmt"/>
      <line num="104" count="300" type="cond" truecount="2" falsecount="0"/>
      <line num="105" count="58" type="stmt"/>
      <line num="106" count="58" type="stmt"/>
      <line num="116" count="300" type="stmt"/>
      <line num="117" count="300" type="stmt"/>
      <line num="118" count="300" type="stmt"/>
      <line num="120" count="937" type="stmt"/>
      <line num="126" count="648" type="cond" truecount="2" falsecount="0"/>
      <line num="127" count="637" type="stmt"/>
      <line num="129" count="637" type="stmt"/>
      <line num="130" count="637" type="cond" truecount="2" falsecount="0"/>
      <line num="131" count="121" type="stmt"/>
      <line num="132" count="121" type="stmt"/>
      <line num="145" count="11" type="stmt"/>
      <line num="147" count="11" type="cond" truecount="1" falsecount="0"/>
      <line num="151" count="11" type="stmt"/>
      <line num="152" count="179" type="cond" truecount="2" falsecount="0"/>
      <line num="158" count="160" type="stmt"/>
      <line num="166" count="160" type="stmt"/>
      <line num="169" count="160" type="cond" truecount="1" falsecount="0"/>
      <line num="174" count="160" type="cond" truecount="2" falsecount="0"/>
      <line num="175" count="160" type="stmt"/>
      <line num="176" count="160" type="cond" truecount="2" falsecount="0"/>
      <line num="177" count="160" type="stmt"/>
      <line num="179" count="160" type="cond" truecount="4" falsecount="0"/>
      <line num="180" count="3" type="stmt"/>
      <line num="185" count="3" type="cond" truecount="1" falsecount="0"/>
      <line num="186" count="3" type="stmt"/>
      <line num="187" count="3" type="stmt"/>
      <line num="196" count="3" type="stmt"/>
      <line num="220" count="1" type="stmt"/>
    </file>
    <file name="utilities.js" path="/home/runner/work/teeny-file-search/teeny-file-search/src/utilities.js">
      <metrics statements="77" coveredstatements="77" conditionals="16" coveredconditionals="16" methods="10" coveredmethods="10"/>
      <line num="1" count="2" type="stmt"/>
      <line num="2" count="2" type="stmt"/>
      <line num="3" count="2" type="stmt"/>
      <line num="4" count="2" type="stmt"/>
      <line num="5" count="2" type="stmt"/>
      <line num="6" count="2" type="stmt"/>
      <line num="7" count="2" type="stmt"/>
      <line num="11" count="2" type="stmt"/>
      <line num="12" count="2" type="stmt"/>
      <line num="13" count="2" type="stmt"/>
      <line num="14" count="2" type="stmt"/>
      <line num="15" count="2" type="stmt"/>
      <line num="16" count="2" type="stmt"/>
      <line num="17" count="2" type="stmt"/>
      <line num="18" count="2" type="stmt"/>
      <line num="19" count="2" type="stmt"/>
      <line num="20" count="2" type="stmt"/>
      <line num="22" count="2" type="stmt"/>
      <line num="27" count="3" type="stmt"/>
      <line num="30" count="3" type="stmt"/>
      <line num="31" count="3" type="stmt"/>
      <line num="32" count="3" type="stmt"/>
      <line num="33" count="3" type="stmt"/>
      <line num="43" count="3" type="stmt"/>
      <line num="47" count="7" type="stmt"/>
      <line num="48" count="7" type="stmt"/>
      <line num="49" count="7" type="stmt"/>
      <line num="51" count="7" type="stmt"/>
      <line num="52" count="14" type="stmt"/>
      <line num="53" count="14" type="stmt"/>
      <line num="55" count="7" type="stmt"/>
      <line num="56" count="7" type="stmt"/>
      <line num="60" count="3" type="stmt"/>
      <line num="72" count="2" type="stmt"/>
      <line num="76" count="3" type="cond" truecount="1" falsecount="0"/>
      <line num="86" count="3" type="stmt"/>
      <line num="90" count="2" type="stmt"/>
      <line num="91" count="2" type="cond" truecount="2" falsecount="0"/>
      <line num="92" count="2" type="stmt"/>
      <line num="100" count="2" type="stmt"/>
      <line num="108" count="8" type="stmt"/>
      <line num="109" count="8" type="stmt"/>
      <line num="110" count="8" type="cond" truecount="3" falsecount="0"/>
      <line num="112" count="1" type="stmt"/>
      <line num="113" count="1" type="stmt"/>
      <line num="116" count="4" type="stmt"/>
      <line num="117" count="4" type="stmt"/>
      <line num="120" count="3" type="stmt"/>
      <line num="121" count="3" type="stmt"/>
      <line num="122" count="3" type="stmt"/>
      <line num="125" count="8" type="stmt"/>
      <line num="126" count="8" type="stmt"/>
      <line num="127" count="8" type="stmt"/>
      <line num="137" count="939" type="cond" truecount="2" falsecount="0"/>
      <line num="138" count="806" type="stmt"/>
      <line num="139" count="806" type="stmt"/>
      <line num="141" count="133" type="stmt"/>
      <line num="145" count="2" type="stmt"/>
      <line num="146" count="2" type="stmt"/>
      <line num="147" count="2" type="cond" truecount="2" falsecount="0"/>
      <line num="148" count="1" type="stmt"/>
      <line num="156" count="5" type="stmt"/>
      <line num="157" count="5" type="stmt"/>
      <line num="158" count="5" type="stmt"/>
      <line num="159" count="5" type="stmt"/>
      <line num="162" count="5" type="stmt"/>
      <line num="164" count="255" type="stmt"/>
      <line num="165" count="255" type="cond" truecount="2" falsecount="0"/>
      <line num="166" count="250" type="stmt"/>
      <line num="168" count="5" type="stmt"/>
      <line num="169" count="5" type="cond" truecount="2" falsecount="0"/>
      <line num="170" count="3" type="stmt"/>
      <line num="172" count="5" type="stmt"/>
      <line num="178" count="5" type="stmt"/>
      <line num="179" count="5" type="stmt"/>
      <line num="181" count="5" type="stmt"/>
      <line num="191" count="2" type="stmt"/>
    </file>
  </project>
</coverage>
