{"/home/runner/work/teeny-file-search/teeny-file-search/src/defaults.js": {"path":"/home/runner/work/teeny-file-search/teeny-file-search/src/defaults.js","statementMap":{"0":{"start":{"line":1,"column":0},"end":{"line":6,"column":2}}},"fnMap":{},"branchMap":{},"s":{"0":2},"f":{},"b":{},"_coverageSchema":"1a1c01bbd47fc00a2c39e90264f33305004495a9","hash":"6b8a8c35a4525a0f6318e8f7cfbb9dec7a795f5d"}
,"/home/runner/work/teeny-file-search/teeny-file-search/src/search.js": {"path":"/home/runner/work/teeny-file-search/teeny-file-search/src/search.js","statementMap":{"0":{"start":{"line":2,"column":11},"end":{"line":2,"column":24}},"1":{"start":{"line":3,"column":14},"end":{"line":3,"column":30}},"2":{"start":{"line":4,"column":37},"end":{"line":4,"column":52}},"3":{"start":{"line":5,"column":13},"end":{"line":5,"column":28}},"4":{"start":{"line":6,"column":24},"end":{"line":6,"column":53}},"5":{"start":{"line":7,"column":20},"end":{"line":7,"column":43}},"6":{"start":{"line":8,"column":15},"end":{"line":10,"column":2}},"7":{"start":{"line":11,"column":13},"end":{"line":11,"column":30}},"8":{"start":{"line":22,"column":4},"end":{"line":22,"column":26}},"9":{"start":{"line":38,"column":4},"end":{"line":38,"column":21}},"10":{"start":{"line":39,"column":4},"end":{"line":41,"column":13}},"11":{"start":{"line":42,"column":4},"end":{"line":42,"column":38}},"12":{"start":{"line":43,"column":4},"end":{"line":43,"column":25}},"13":{"start":{"line":44,"column":4},"end":{"line":44,"column":28}},"14":{"start":{"line":45,"column":4},"end":{"line":45,"column":37}},"15":{"start":{"line":46,"column":4},"end":{"line":46,"column":30}},"16":{"start":{"line":47,"column":4},"end":{"line":47,"column":44}},"17":{"start":{"line":48,"column":4},"end":{"line":48,"column":24}},"18":{"start":{"line":49,"column":4},"end":{"line":49,"column":45}},"19":{"start":{"line":50,"column":4},"end":{"line":50,"column":29}},"20":{"start":{"line":51,"column":4},"end":{"line":51,"column":30}},"21":{"start":{"line":52,"column":4},"end":{"line":52,"column":27}},"22":{"start":{"line":53,"column":4},"end":{"line":53,"column":28}},"23":{"start":{"line":54,"column":4},"end":{"line":54,"column":51}},"24":{"start":{"line":55,"column":4},"end":{"line":60,"column":5}},"25":{"start":{"line":56,"column":6},"end":{"line":56,"column":54}},"26":{"start":{"line":58,"column":6},"end":{"line":58,"column":22}},"27":{"start":{"line":59,"column":6},"end":{"line":59,"column":22}},"28":{"start":{"line":63,"column":18},"end":{"line":66,"column":3}},"29":{"start":{"line":64,"column":4},"end":{"line":64,"column":40}},"30":{"start":{"line":65,"column":4},"end":{"line":65,"column":53}},"31":{"start":{"line":68,"column":17},"end":{"line":73,"column":3}},"32":{"start":{"line":69,"column":4},"end":{"line":71,"column":5}},"33":{"start":{"line":70,"column":6},"end":{"line":70,"column":18}},"34":{"start":{"line":72,"column":4},"end":{"line":72,"column":26}},"35":{"start":{"line":75,"column":10},"end":{"line":94,"column":3}},"36":{"start":{"line":76,"column":4},"end":{"line":78,"column":5}},"37":{"start":{"line":77,"column":6},"end":{"line":77,"column":19}},"38":{"start":{"line":80,"column":4},"end":{"line":80,"column":43}},"39":{"start":{"line":81,"column":4},"end":{"line":81,"column":36}},"40":{"start":{"line":83,"column":4},"end":{"line":93,"column":5}},"41":{"start":{"line":84,"column":6},"end":{"line":84,"column":18}},"42":{"start":{"line":85,"column":6},"end":{"line":92,"column":9}},"43":{"start":{"line":96,"column":19},"end":{"line":143,"column":3}},"44":{"start":{"line":97,"column":4},"end":{"line":142,"column":5}},"45":{"start":{"line":99,"column":19},"end":{"line":99,"column":40}},"46":{"start":{"line":101,"column":6},"end":{"line":141,"column":7}},"47":{"start":{"line":102,"column":8},"end":{"line":102,"column":31}},"48":{"start":{"line":104,"column":8},"end":{"line":114,"column":9}},"49":{"start":{"line":105,"column":10},"end":{"line":105,"column":31}},"50":{"start":{"line":106,"column":10},"end":{"line":113,"column":13}},"51":{"start":{"line":116,"column":8},"end":{"line":125,"column":9}},"52":{"start":{"line":117,"column":10},"end":{"line":117,"column":42}},"53":{"start":{"line":118,"column":10},"end":{"line":122,"column":12}},"54":{"start":{"line":120,"column":14},"end":{"line":120,"column":41}},"55":{"start":{"line":126,"column":13},"end":{"line":141,"column":7}},"56":{"start":{"line":127,"column":8},"end":{"line":127,"column":32}},"57":{"start":{"line":129,"column":8},"end":{"line":129,"column":38}},"58":{"start":{"line":130,"column":8},"end":{"line":140,"column":9}},"59":{"start":{"line":131,"column":10},"end":{"line":131,"column":32}},"60":{"start":{"line":132,"column":10},"end":{"line":139,"column":13}},"61":{"start":{"line":145,"column":23},"end":{"line":212,"column":3}},"62":{"start":{"line":147,"column":4},"end":{"line":149,"column":5}},"63":{"start":{"line":151,"column":4},"end":{"line":211,"column":5}},"64":{"start":{"line":152,"column":6},"end":{"line":210,"column":7}},"65":{"start":{"line":158,"column":16},"end":{"line":164,"column":11}},"66":{"start":{"line":166,"column":22},"end":{"line":166,"column":24}},"67":{"start":{"line":169,"column":8},"end":{"line":172,"column":9}},"68":{"start":{"line":174,"column":22},"end":{"line":174,"column":75}},"69":{"start":{"line":175,"column":8},"end":{"line":175,"column":50}},"70":{"start":{"line":176,"column":22},"end":{"line":176,"column":75}},"71":{"start":{"line":177,"column":8},"end":{"line":177,"column":78}},"72":{"start":{"line":179,"column":8},"end":{"line":209,"column":9}},"73":{"start":{"line":180,"column":50},"end":{"line":183,"column":11}},"74":{"start":{"line":184,"column":10},"end":{"line":196,"column":11}},"75":{"start":{"line":185,"column":32},"end":{"line":185,"column":70}},"76":{"start":{"line":186,"column":12},"end":{"line":194,"column":14}},"77":{"start":{"line":195,"column":12},"end":{"line":195,"column":50}},"78":{"start":{"line":197,"column":42},"end":{"line":209,"column":9}},"79":{"start":{"line":198,"column":10},"end":{"line":205,"column":12}},"80":{"start":{"line":206,"column":10},"end":{"line":208,"column":11}},"81":{"start":{"line":207,"column":12},"end":{"line":207,"column":60}},"82":{"start":{"line":215,"column":0},"end":{"line":217,"column":2}}},"fnMap":{"0":{"name":"(anonymous_0)","decl":{"start":{"line":25,"column":2},"end":{"line":25,"column":3}},"loc":{"start":{"line":37,"column":5},"end":{"line":61,"column":3}},"line":37},"1":{"name":"(anonymous_1)","decl":{"start":{"line":63,"column":18},"end":{"line":63,"column":19}},"loc":{"start":{"line":63,"column":27},"end":{"line":66,"column":3}},"line":63},"2":{"name":"(anonymous_2)","decl":{"start":{"line":68,"column":17},"end":{"line":68,"column":18}},"loc":{"start":{"line":68,"column":26},"end":{"line":73,"column":3}},"line":68},"3":{"name":"(anonymous_3)","decl":{"start":{"line":75,"column":10},"end":{"line":75,"column":11}},"loc":{"start":{"line":75,"column":22},"end":{"line":94,"column":3}},"line":75},"4":{"name":"(anonymous_4)","decl":{"start":{"line":96,"column":19},"end":{"line":96,"column":20}},"loc":{"start":{"line":96,"column":35},"end":{"line":143,"column":3}},"line":96},"5":{"name":"(anonymous_5)","decl":{"start":{"line":119,"column":48},"end":{"line":119,"column":49}},"loc":{"start":{"line":119,"column":64},"end":{"line":121,"column":13}},"line":119},"6":{"name":"(anonymous_6)","decl":{"start":{"line":145,"column":23},"end":{"line":145,"column":24}},"loc":{"start":{"line":145,"column":35},"end":{"line":212,"column":3}},"line":145}},"branchMap":{"0":{"loc":{"start":{"line":39,"column":21},"end":{"line":41,"column":12}},"type":"cond-expr","locations":[{"start":{"line":40,"column":8},"end":{"line":40,"column":50}},{"start":{"line":41,"column":8},"end":{"line":41,"column":12}}],"line":39},"1":{"loc":{"start":{"line":40,"column":28},"end":{"line":40,"column":49}},"type":"cond-expr","locations":[{"start":{"line":40,"column":41},"end":{"line":40,"column":44}},{"start":{"line":40,"column":47},"end":{"line":40,"column":49}}],"line":40},"2":{"loc":{"start":{"line":42,"column":16},"end":{"line":42,"column":37}},"type":"binary-expr","locations":[{"start":{"line":42,"column":16},"end":{"line":42,"column":20}},{"start":{"line":42,"column":24},"end":{"line":42,"column":37}}],"line":42},"3":{"loc":{"start":{"line":54,"column":19},"end":{"line":54,"column":50}},"type":"cond-expr","locations":[{"start":{"line":54,"column":29},"end":{"line":54,"column":43}},{"start":{"line":54,"column":46},"end":{"line":54,"column":50}}],"line":54},"4":{"loc":{"start":{"line":56,"column":18},"end":{"line":56,"column":53}},"type":"cond-expr","locations":[{"start":{"line":56,"column":25},"end":{"line":56,"column":46}},{"start":{"line":56,"column":49},"end":{"line":56,"column":53}}],"line":56},"5":{"loc":{"start":{"line":69,"column":4},"end":{"line":71,"column":5}},"type":"if","locations":[{"start":{"line":69,"column":4},"end":{"line":71,"column":5}},{"start":{"line":69,"column":4},"end":{"line":71,"column":5}}],"line":69},"6":{"loc":{"start":{"line":76,"column":4},"end":{"line":78,"column":5}},"type":"if","locations":[{"start":{"line":76,"column":4},"end":{"line":78,"column":5}},{"start":{"line":76,"column":4},"end":{"line":78,"column":5}}],"line":76},"7":{"loc":{"start":{"line":83,"column":4},"end":{"line":93,"column":5}},"type":"if","locations":[{"start":{"line":83,"column":4},"end":{"line":93,"column":5}},{"start":{"line":83,"column":4},"end":{"line":93,"column":5}}],"line":83},"8":{"loc":{"start":{"line":101,"column":6},"end":{"line":141,"column":7}},"type":"if","locations":[{"start":{"line":101,"column":6},"end":{"line":141,"column":7}},{"start":{"line":101,"column":6},"end":{"line":141,"column":7}}],"line":101},"9":{"loc":{"start":{"line":101,"column":10},"end":{"line":101,"column":60}},"type":"binary-expr","locations":[{"start":{"line":101,"column":10},"end":{"line":101,"column":28}},{"start":{"line":101,"column":32},"end":{"line":101,"column":60}}],"line":101},"10":{"loc":{"start":{"line":104,"column":8},"end":{"line":114,"column":9}},"type":"if","locations":[{"start":{"line":104,"column":8},"end":{"line":114,"column":9}},{"start":{"line":104,"column":8},"end":{"line":114,"column":9}}],"line":104},"11":{"loc":{"start":{"line":126,"column":13},"end":{"line":141,"column":7}},"type":"if","locations":[{"start":{"line":126,"column":13},"end":{"line":141,"column":7}},{"start":{"line":126,"column":13},"end":{"line":141,"column":7}}],"line":126},"12":{"loc":{"start":{"line":130,"column":8},"end":{"line":140,"column":9}},"type":"if","locations":[{"start":{"line":130,"column":8},"end":{"line":140,"column":9}},{"start":{"line":130,"column":8},"end":{"line":140,"column":9}}],"line":130},"13":{"loc":{"start":{"line":147,"column":4},"end":{"line":149,"column":5}},"type":"if","locations":[{"start":{"line":147,"column":4},"end":{"line":149,"column":5}}],"line":147},"14":{"loc":{"start":{"line":152,"column":6},"end":{"line":210,"column":7}},"type":"if","locations":[{"start":{"line":152,"column":6},"end":{"line":210,"column":7}},{"start":{"line":152,"column":6},"end":{"line":210,"column":7}}],"line":152},"15":{"loc":{"start":{"line":153,"column":8},"end":{"line":156,"column":35}},"type":"binary-expr","locations":[{"start":{"line":153,"column":9},"end":{"line":153,"column":36}},{"start":{"line":153,"column":40},"end":{"line":153,"column":67}},{"start":{"line":154,"column":9},"end":{"line":154,"column":41}},{"start":{"line":155,"column":10},"end":{"line":155,"column":42}},{"start":{"line":156,"column":8},"end":{"line":156,"column":35}}],"line":153},"16":{"loc":{"start":{"line":169,"column":8},"end":{"line":172,"column":9}},"type":"if","locations":[{"start":{"line":169,"column":8},"end":{"line":172,"column":9}}],"line":169},"17":{"loc":{"start":{"line":174,"column":22},"end":{"line":174,"column":75}},"type":"cond-expr","locations":[{"start":{"line":174,"column":52},"end":{"line":174,"column":62}},{"start":{"line":174,"column":65},"end":{"line":174,"column":75}}],"line":174},"18":{"loc":{"start":{"line":176,"column":22},"end":{"line":176,"column":75}},"type":"cond-expr","locations":[{"start":{"line":176,"column":35},"end":{"line":176,"column":62}},{"start":{"line":176,"column":65},"end":{"line":176,"column":75}}],"line":176},"19":{"loc":{"start":{"line":179,"column":8},"end":{"line":209,"column":9}},"type":"if","locations":[{"start":{"line":179,"column":8},"end":{"line":209,"column":9}},{"start":{"line":179,"column":8},"end":{"line":209,"column":9}}],"line":179},"20":{"loc":{"start":{"line":179,"column":12},"end":{"line":179,"column":52}},"type":"binary-expr","locations":[{"start":{"line":179,"column":12},"end":{"line":179,"column":21}},{"start":{"line":179,"column":25},"end":{"line":179,"column":52}}],"line":179},"21":{"loc":{"start":{"line":184,"column":10},"end":{"line":196,"column":11}},"type":"if","locations":[{"start":{"line":184,"column":10},"end":{"line":196,"column":11}},{"start":{"line":184,"column":10},"end":{"line":196,"column":11}}],"line":184},"22":{"loc":{"start":{"line":197,"column":42},"end":{"line":209,"column":9}},"type":"if","locations":[{"start":{"line":197,"column":42},"end":{"line":209,"column":9}}],"line":197},"23":{"loc":{"start":{"line":206,"column":10},"end":{"line":208,"column":11}},"type":"if","locations":[{"start":{"line":206,"column":10},"end":{"line":208,"column":11}},{"start":{"line":206,"column":10},"end":{"line":208,"column":11}}],"line":206}},"s":{"0":1,"1":1,"2":1,"3":1,"4":1,"5":1,"6":1,"7":1,"8":1,"9":11,"10":11,"11":11,"12":11,"13":11,"14":11,"15":11,"16":11,"17":11,"18":11,"19":11,"20":11,"21":11,"22":11,"23":11,"24":11,"25":11,"26":1,"27":1,"28":11,"29":275,"30":275,"31":11,"32":851,"33":231,"34":620,"35":11,"36":11,"37":5,"38":11,"39":11,"40":11,"41":5,"42":5,"43":11,"44":275,"45":742,"46":742,"47":264,"48":264,"49":52,"50":52,"51":264,"52":264,"53":264,"54":731,"55":478,"56":467,"57":467,"58":467,"59":86,"60":86,"61":11,"62":11,"63":11,"64":138,"65":121,"66":121,"67":121,"68":121,"69":121,"70":121,"71":121,"72":121,"73":3,"74":3,"75":3,"76":3,"77":3,"78":118,"79":118,"80":118,"81":2,"82":1},"f":{"0":11,"1":275,"2":851,"3":11,"4":275,"5":731,"6":11},"b":{"0":[9,2],"1":[1,8],"2":[11,7],"3":[2,9],"4":[3,8],"5":[231,620],"6":[5,6],"7":[5,6],"8":[264,478],"9":[742,275],"10":[52,212],"11":[467,11],"12":[86,381],"13":[11],"14":[121,17],"15":[138,31,124,1,123],"16":[121],"17":[86,35],"18":[55,66],"19":[3,118],"20":[121,3],"21":[3,0],"22":[118],"23":[2,116]},"_coverageSchema":"1a1c01bbd47fc00a2c39e90264f33305004495a9","hash":"a9648fff08015c13d6a3af411ffc8c23a0d26bea"}
,"/home/runner/work/teeny-file-search/teeny-file-search/src/utilities.js": {"path":"/home/runner/work/teeny-file-search/teeny-file-search/src/utilities.js","statementMap":{"0":{"start":{"line":1,"column":14},"end":{"line":1,"column":30}},"1":{"start":{"line":2,"column":26},"end":{"line":2,"column":42}},"2":{"start":{"line":3,"column":11},"end":{"line":3,"column":24}},"3":{"start":{"line":4,"column":23},"end":{"line":4,"column":52}},"4":{"start":{"line":5,"column":20},"end":{"line":5,"column":43}},"5":{"start":{"line":6,"column":14},"end":{"line":6,"column":30}},"6":{"start":{"line":7,"column":15},"end":{"line":9,"column":2}},"7":{"start":{"line":11,"column":20},"end":{"line":11,"column":24}},"8":{"start":{"line":12,"column":16},"end":{"line":12,"column":18}},"9":{"start":{"line":13,"column":27},"end":{"line":13,"column":29}},"10":{"start":{"line":14,"column":23},"end":{"line":14,"column":24}},"11":{"start":{"line":15,"column":23},"end":{"line":15,"column":24}},"12":{"start":{"line":16,"column":22},"end":{"line":16,"column":23}},"13":{"start":{"line":17,"column":14},"end":{"line":17,"column":15}},"14":{"start":{"line":18,"column":27},"end":{"line":18,"column":30}},"15":{"start":{"line":19,"column":22},"end":{"line":19,"column":25}},"16":{"start":{"line":20,"column":22},"end":{"line":20,"column":28}},"17":{"start":{"line":22,"column":19},"end":{"line":24,"column":1}},"18":{"start":{"line":27,"column":18},"end":{"line":29,"column":30}},"19":{"start":{"line":30,"column":20},"end":{"line":30,"column":50}},"20":{"start":{"line":31,"column":20},"end":{"line":31,"column":50}},"21":{"start":{"line":32,"column":20},"end":{"line":32,"column":49}},"22":{"start":{"line":33,"column":16},"end":{"line":42,"column":3}},"23":{"start":{"line":43,"column":2},"end":{"line":43,"column":64}},"24":{"start":{"line":47,"column":16},"end":{"line":47,"column":41}},"25":{"start":{"line":48,"column":14},"end":{"line":48,"column":15}},"26":{"start":{"line":49,"column":16},"end":{"line":49,"column":17}},"27":{"start":{"line":51,"column":2},"end":{"line":54,"column":3}},"28":{"start":{"line":52,"column":4},"end":{"line":52,"column":26}},"29":{"start":{"line":53,"column":4},"end":{"line":53,"column":32}},"30":{"start":{"line":55,"column":14},"end":{"line":55,"column":66}},"31":{"start":{"line":56,"column":2},"end":{"line":56,"column":57}},"32":{"start":{"line":60,"column":2},"end":{"line":69,"column":24}},"33":{"start":{"line":72,"column":27},"end":{"line":88,"column":1}},"34":{"start":{"line":76,"column":2},"end":{"line":87,"column":3}},"35":{"start":{"line":86,"column":4},"end":{"line":86,"column":27}},"36":{"start":{"line":90,"column":27},"end":{"line":98,"column":1}},"37":{"start":{"line":91,"column":16},"end":{"line":91,"column":50}},"38":{"start":{"line":92,"column":2},"end":{"line":97,"column":4}},"39":{"start":{"line":100,"column":24},"end":{"line":134,"column":1}},"40":{"start":{"line":108,"column":12},"end":{"line":108,"column":65}},"41":{"start":{"line":109,"column":2},"end":{"line":109,"column":62}},"42":{"start":{"line":110,"column":2},"end":{"line":123,"column":3}},"43":{"start":{"line":112,"column":6},"end":{"line":112,"column":66}},"44":{"start":{"line":113,"column":6},"end":{"line":113,"column":12}},"45":{"start":{"line":116,"column":6},"end":{"line":116,"column":65}},"46":{"start":{"line":117,"column":6},"end":{"line":117,"column":12}},"47":{"start":{"line":120,"column":6},"end":{"line":120,"column":66}},"48":{"start":{"line":121,"column":6},"end":{"line":121,"column":65}},"49":{"start":{"line":122,"column":6},"end":{"line":122,"column":12}},"50":{"start":{"line":125,"column":2},"end":{"line":125,"column":48}},"51":{"start":{"line":126,"column":2},"end":{"line":126,"column":15}},"52":{"start":{"line":127,"column":2},"end":{"line":133,"column":4}},"53":{"start":{"line":137,"column":2},"end":{"line":140,"column":3}},"54":{"start":{"line":138,"column":4},"end":{"line":138,"column":28}},"55":{"start":{"line":139,"column":4},"end":{"line":139,"column":31}},"56":{"start":{"line":141,"column":2},"end":{"line":141,"column":14}},"57":{"start":{"line":145,"column":2},"end":{"line":152,"column":3}},"58":{"start":{"line":146,"column":19},"end":{"line":146,"column":57}},"59":{"start":{"line":147,"column":4},"end":{"line":149,"column":5}},"60":{"start":{"line":148,"column":6},"end":{"line":148,"column":32}},"61":{"start":{"line":156,"column":2},"end":{"line":188,"column":3}},"62":{"start":{"line":157,"column":18},"end":{"line":157,"column":20}},"63":{"start":{"line":158,"column":29},"end":{"line":158,"column":30}},"64":{"start":{"line":159,"column":19},"end":{"line":159,"column":60}},"65":{"start":{"line":162,"column":4},"end":{"line":180,"column":7}},"66":{"start":{"line":164,"column":6},"end":{"line":164,"column":30}},"67":{"start":{"line":165,"column":6},"end":{"line":167,"column":7}},"68":{"start":{"line":166,"column":8},"end":{"line":166,"column":15}},"69":{"start":{"line":168,"column":6},"end":{"line":168,"column":27}},"70":{"start":{"line":169,"column":6},"end":{"line":171,"column":7}},"71":{"start":{"line":170,"column":8},"end":{"line":170,"column":75}},"72":{"start":{"line":172,"column":6},"end":{"line":176,"column":8}},"73":{"start":{"line":178,"column":6},"end":{"line":178,"column":77}},"74":{"start":{"line":179,"column":6},"end":{"line":179,"column":21}},"75":{"start":{"line":181,"column":4},"end":{"line":184,"column":6}},"76":{"start":{"line":191,"column":0},"end":{"line":204,"column":2}}},"fnMap":{"0":{"name":"extractMode","decl":{"start":{"line":26,"column":9},"end":{"line":26,"column":20}},"loc":{"start":{"line":26,"column":27},"end":{"line":44,"column":1}},"line":26},"1":{"name":"convertSize","decl":{"start":{"line":46,"column":9},"end":{"line":46,"column":20}},"loc":{"start":{"line":46,"column":28},"end":{"line":57,"column":1}},"line":46},"2":{"name":"convertDate","decl":{"start":{"line":59,"column":9},"end":{"line":59,"column":20}},"loc":{"start":{"line":59,"column":37},"end":{"line":70,"column":1}},"line":59},"3":{"name":"(anonymous_3)","decl":{"start":{"line":72,"column":27},"end":{"line":72,"column":28}},"loc":{"start":{"line":72,"column":42},"end":{"line":88,"column":1}},"line":72},"4":{"name":"(anonymous_4)","decl":{"start":{"line":90,"column":27},"end":{"line":90,"column":28}},"loc":{"start":{"line":90,"column":49},"end":{"line":98,"column":1}},"line":90},"5":{"name":"(anonymous_5)","decl":{"start":{"line":100,"column":24},"end":{"line":100,"column":25}},"loc":{"start":{"line":107,"column":6},"end":{"line":134,"column":1}},"line":107},"6":{"name":"checkPattern","decl":{"start":{"line":136,"column":9},"end":{"line":136,"column":21}},"loc":{"start":{"line":136,"column":38},"end":{"line":142,"column":1}},"line":136},"7":{"name":"runCommandOnNode","decl":{"start":{"line":144,"column":15},"end":{"line":144,"column":31}},"loc":{"start":{"line":144,"column":47},"end":{"line":153,"column":1}},"line":144},"8":{"name":"runGrepOnNode","decl":{"start":{"line":155,"column":15},"end":{"line":155,"column":28}},"loc":{"start":{"line":155,"column":46},"end":{"line":189,"column":1}},"line":155},"9":{"name":"(anonymous_9)","decl":{"start":{"line":162,"column":19},"end":{"line":162,"column":20}},"loc":{"start":{"line":162,"column":47},"end":{"line":180,"column":5}},"line":162}},"branchMap":{"0":{"loc":{"start":{"line":76,"column":2},"end":{"line":87,"column":3}},"type":"if","locations":[{"start":{"line":76,"column":2},"end":{"line":87,"column":3}}],"line":76},"1":{"loc":{"start":{"line":91,"column":16},"end":{"line":91,"column":50}},"type":"cond-expr","locations":[{"start":{"line":91,"column":41},"end":{"line":91,"column":44}},{"start":{"line":91,"column":47},"end":{"line":91,"column":50}}],"line":91},"2":{"loc":{"start":{"line":110,"column":2},"end":{"line":123,"column":3}},"type":"switch","locations":[{"start":{"line":111,"column":4},"end":{"line":113,"column":12}},{"start":{"line":115,"column":4},"end":{"line":117,"column":12}},{"start":{"line":119,"column":4},"end":{"line":122,"column":12}}],"line":110},"3":{"loc":{"start":{"line":137,"column":2},"end":{"line":140,"column":3}},"type":"if","locations":[{"start":{"line":137,"column":2},"end":{"line":140,"column":3}},{"start":{"line":137,"column":2},"end":{"line":140,"column":3}}],"line":137},"4":{"loc":{"start":{"line":147,"column":4},"end":{"line":149,"column":5}},"type":"if","locations":[{"start":{"line":147,"column":4},"end":{"line":149,"column":5}},{"start":{"line":147,"column":4},"end":{"line":149,"column":5}}],"line":147},"5":{"loc":{"start":{"line":165,"column":6},"end":{"line":167,"column":7}},"type":"if","locations":[{"start":{"line":165,"column":6},"end":{"line":167,"column":7}},{"start":{"line":165,"column":6},"end":{"line":167,"column":7}}],"line":165},"6":{"loc":{"start":{"line":169,"column":6},"end":{"line":171,"column":7}},"type":"if","locations":[{"start":{"line":169,"column":6},"end":{"line":171,"column":7}},{"start":{"line":169,"column":6},"end":{"line":171,"column":7}}],"line":169},"7":{"loc":{"start":{"line":183,"column":15},"end":{"line":183,"column":40}},"type":"cond-expr","locations":[{"start":{"line":183,"column":30},"end":{"line":183,"column":35}},{"start":{"line":183,"column":38},"end":{"line":183,"column":40}}],"line":183}},"s":{"0":2,"1":2,"2":2,"3":2,"4":2,"5":2,"6":2,"7":2,"8":2,"9":2,"10":2,"11":2,"12":2,"13":2,"14":2,"15":2,"16":2,"17":2,"18":3,"19":3,"20":3,"21":3,"22":3,"23":3,"24":7,"25":7,"26":7,"27":7,"28":14,"29":14,"30":7,"31":7,"32":3,"33":2,"34":3,"35":3,"36":2,"37":2,"38":2,"39":2,"40":8,"41":8,"42":8,"43":1,"44":1,"45":4,"46":4,"47":3,"48":3,"49":3,"50":8,"51":8,"52":8,"53":733,"54":632,"55":632,"56":101,"57":2,"58":2,"59":2,"60":1,"61":3,"62":3,"63":3,"64":3,"65":3,"66":122,"67":122,"68":118,"69":4,"70":4,"71":2,"72":4,"73":4,"74":4,"75":3,"76":2},"f":{"0":3,"1":7,"2":3,"3":3,"4":2,"5":8,"6":733,"7":2,"8":3,"9":122},"b":{"0":[3],"1":[1,1],"2":[1,4,3],"3":[632,101],"4":[1,1],"5":[118,4],"6":[2,2],"7":[3,0]},"_coverageSchema":"1a1c01bbd47fc00a2c39e90264f33305004495a9","hash":"6ed594e930edc0130935ffc421951efce8fd97c4"}
}
