TN:
SF:src/defaults.js
FNF:0
FNH:0
DA:1,2
LF:1
LH:1
BRF:0
BRH:0
end_of_record
TN:
SF:src/search.js
FN:25,(anonymous_0)
FN:63,(anonymous_1)
FN:68,(anonymous_2)
FN:75,(anonymous_3)
FN:96,(anonymous_4)
FN:119,(anonymous_5)
FN:145,(anonymous_6)
FNF:7
FNH:7
FNDA:11,(anonymous_0)
FNDA:312,(anonymous_1)
FNDA:1058,(anonymous_2)
FNDA:11,(anonymous_3)
FNDA:312,(anonymous_4)
FNDA:938,(anonymous_5)
FNDA:11,(anonymous_6)
DA:2,1
DA:3,1
DA:4,1
DA:5,1
DA:6,1
DA:7,1
DA:8,1
DA:11,1
DA:22,1
DA:38,11
DA:39,11
DA:42,11
DA:43,11
DA:44,11
DA:45,11
DA:46,11
DA:47,11
DA:48,11
DA:49,11
DA:50,11
DA:51,11
DA:52,11
DA:53,11
DA:54,11
DA:55,11
DA:56,11
DA:58,1
DA:59,1
DA:63,11
DA:64,312
DA:65,312
DA:68,11
DA:69,1058
DA:70,278
DA:72,780
DA:75,11
DA:76,11
DA:77,5
DA:80,11
DA:81,11
DA:83,11
DA:84,5
DA:85,5
DA:96,11
DA:97,312
DA:99,949
DA:101,949
DA:102,301
DA:104,301
DA:105,58
DA:106,58
DA:116,301
DA:117,301
DA:118,301
DA:120,938
DA:126,648
DA:127,637
DA:129,637
DA:130,637
DA:131,121
DA:132,121
DA:145,11
DA:147,11
DA:151,11
DA:152,179
DA:158,160
DA:166,160
DA:169,160
DA:174,160
DA:175,160
DA:176,160
DA:177,160
DA:179,160
DA:180,3
DA:184,3
DA:185,3
DA:186,3
DA:195,3
DA:197,157
DA:198,157
DA:206,157
DA:207,2
DA:215,1
LF:83
LH:83
BRDA:39,0,0,9
BRDA:39,0,1,2
BRDA:40,1,0,1
BRDA:40,1,1,8
BRDA:42,2,0,11
BRDA:42,2,1,7
BRDA:54,3,0,2
BRDA:54,3,1,9
BRDA:56,4,0,3
BRDA:56,4,1,8
BRDA:69,5,0,278
BRDA:69,5,1,780
BRDA:76,6,0,5
BRDA:76,6,1,6
BRDA:83,7,0,5
BRDA:83,7,1,6
BRDA:101,8,0,301
BRDA:101,8,1,648
BRDA:101,9,0,949
BRDA:101,9,1,312
BRDA:104,10,0,58
BRDA:104,10,1,243
BRDA:126,11,0,637
BRDA:126,11,1,11
BRDA:130,12,0,121
BRDA:130,12,1,516
BRDA:147,13,0,11
BRDA:152,14,0,160
BRDA:152,14,1,19
BRDA:153,15,0,179
BRDA:153,15,1,40
BRDA:153,15,2,158
BRDA:153,15,3,1
BRDA:153,15,4,157
BRDA:169,16,0,160
BRDA:174,17,0,121
BRDA:174,17,1,39
BRDA:176,18,0,66
BRDA:176,18,1,94
BRDA:179,19,0,3
BRDA:179,19,1,157
BRDA:179,20,0,160
BRDA:179,20,1,3
BRDA:184,21,0,3
BRDA:184,21,1,0
BRDA:197,22,0,157
BRDA:206,23,0,2
BRDA:206,23,1,155
BRF:48
BRH:47
end_of_record
TN:
SF:src/utilities.js
FN:26,extractMode
FN:46,convertSize
FN:59,convertDate
FN:72,(anonymous_3)
FN:90,(anonymous_4)
FN:100,(anonymous_5)
FN:136,checkPattern
FN:144,runCommandOnNode
FN:155,runGrepOnNode
FN:162,(anonymous_9)
FNF:10
FNH:10
FNDA:3,extractMode
FNDA:7,convertSize
FNDA:3,convertDate
FNDA:3,(anonymous_3)
FNDA:2,(anonymous_4)
FNDA:8,(anonymous_5)
FNDA:940,checkPattern
FNDA:2,runCommandOnNode
FNDA:5,runGrepOnNode
FNDA:252,(anonymous_9)
DA:1,2
DA:2,2
DA:3,2
DA:4,2
DA:5,2
DA:6,2
DA:7,2
DA:11,2
DA:12,2
DA:13,2
DA:14,2
DA:15,2
DA:16,2
DA:17,2
DA:18,2
DA:19,2
DA:20,2
DA:22,2
DA:27,3
DA:30,3
DA:31,3
DA:32,3
DA:33,3
DA:43,3
DA:47,7
DA:48,7
DA:49,7
DA:51,7
DA:52,14
DA:53,14
DA:55,7
DA:56,7
DA:60,3
DA:72,2
DA:76,3
DA:86,3
DA:90,2
DA:91,2
DA:92,2
DA:100,2
DA:108,8
DA:109,8
DA:110,8
DA:112,1
DA:113,1
DA:116,4
DA:117,4
DA:120,3
DA:121,3
DA:122,3
DA:125,8
DA:126,8
DA:127,8
DA:137,940
DA:138,807
DA:139,807
DA:141,133
DA:145,2
DA:146,2
DA:147,2
DA:148,1
DA:156,5
DA:157,5
DA:158,5
DA:159,5
DA:162,5
DA:164,252
DA:165,252
DA:166,247
DA:168,5
DA:169,5
DA:170,3
DA:172,5
DA:178,5
DA:179,5
DA:181,5
DA:191,2
LF:77
LH:77
BRDA:76,0,0,3
BRDA:91,1,0,1
BRDA:91,1,1,1
BRDA:110,2,0,1
BRDA:110,2,1,4
BRDA:110,2,2,3
BRDA:137,3,0,807
BRDA:137,3,1,133
BRDA:147,4,0,1
BRDA:147,4,1,1
BRDA:165,5,0,247
BRDA:165,5,1,5
BRDA:169,6,0,3
BRDA:169,6,1,2
BRDA:183,7,0,4
BRDA:183,7,1,1
BRF:16
BRH:16
end_of_record
